2026-03-26 14:42:04,233 | INFO | Run directory: dpo/runs/2026-03-26_14-42-04
2026-03-26 14:42:04,233 | INFO | Resolved config: {'data_dir': '/home/zx/Valentin_workplace/DPO/Sopran', 'sft_checkpoint': '/home/zx/codexProject/vocal_analysis/best_model/Sopran/best_model.pth', 'reference_checkpoint': '/home/zx/codexProject/vocal_analysis/best_model/Sopran/best_model.pth', 'output_dir': 'dpo/runs', 'train_batch_size': 16, 'val_batch_size': 16, 'num_workers': 0, 'num_epochs': 50, 'learning_rate': 1e-05, 'weight_decay': 0.0001, 'beta': 0.1, 'seed': 1314, 'device': 'cpu', 'split_ratio': 0.8, 'num_classes': 50, 'input_size': 1, 'embd_dim': 2560, 'growth_rate': 64, 'bn_size': 4, 'init_channels': 128, 'config_str': 'batchnorm-relu'}
2026-03-26 14:42:04,233 | INFO | Found 5 aligned preference samples.
2026-03-26 14:42:04,233 | INFO | Missing sample counts | MFCC: 0 | Chosen: 0 | Rejected: 0
2026-03-26 14:42:04,233 | INFO | Prepared 4 train samples.
2026-03-26 14:42:04,233 | INFO | Found 5 aligned preference samples.
2026-03-26 14:42:04,233 | INFO | Missing sample counts | MFCC: 0 | Chosen: 0 | Rejected: 0
2026-03-26 14:42:04,233 | INFO | Prepared 1 val samples.
2026-03-26 14:42:05,314 | INFO | Epoch 1/50 | lr=0.00000999 | train_loss=0.6931 | train_pref_acc=0.0000 | val_loss=0.6931 | val_pref_acc=0.0000
2026-03-26 14:42:05,325 | INFO | Saved new best model with validation preference accuracy 0.0000
2026-03-26 14:42:05,888 | INFO | Epoch 2/50 | lr=0.00000996 | train_loss=0.6931 | train_pref_acc=0.0000 | val_loss=0.6931 | val_pref_acc=0.0000
2026-03-26 14:42:06,348 | INFO | Epoch 3/50 | lr=0.00000991 | train_loss=0.6931 | train_pref_acc=0.0000 | val_loss=0.6931 | val_pref_acc=0.0000
2026-03-26 14:42:06,924 | INFO | Epoch 4/50 | lr=0.00000984 | train_loss=0.6931 | train_pref_acc=0.0000 | val_loss=0.6931 | val_pref_acc=0.0000
2026-03-26 14:42:07,381 | INFO | Epoch 5/50 | lr=0.00000976 | train_loss=0.6931 | train_pref_acc=0.0000 | val_loss=0.6931 | val_pref_acc=0.0000
2026-03-26 14:42:07,839 | INFO | Epoch 6/50 | lr=0.00000965 | train_loss=0.6931 | train_pref_acc=0.0000 | val_loss=0.6931 | val_pref_acc=0.0000
2026-03-26 14:42:08,319 | INFO | Epoch 7/50 | lr=0.00000953 | train_loss=0.6931 | train_pref_acc=0.0000 | val_loss=0.6931 | val_pref_acc=0.0000
2026-03-26 14:42:08,760 | INFO | Epoch 8/50 | lr=0.00000939 | train_loss=0.6931 | train_pref_acc=0.0000 | val_loss=0.6931 | val_pref_acc=0.0000
2026-03-26 14:42:09,219 | INFO | Epoch 9/50 | lr=0.00000923 | train_loss=0.6931 | train_pref_acc=0.0000 | val_loss=0.6931 | val_pref_acc=0.0000
2026-03-26 14:42:09,672 | INFO | Epoch 10/50 | lr=0.00000905 | train_loss=0.6931 | train_pref_acc=0.0000 | val_loss=0.6931 | val_pref_acc=0.0000
2026-03-26 14:42:10,142 | INFO | Epoch 11/50 | lr=0.00000886 | train_loss=0.6931 | train_pref_acc=0.0000 | val_loss=0.6931 | val_pref_acc=0.0000
2026-03-26 14:42:10,626 | INFO | Epoch 12/50 | lr=0.00000866 | train_loss=0.6931 | train_pref_acc=0.0000 | val_loss=0.6931 | val_pref_acc=0.0000
2026-03-26 14:42:11,114 | INFO | Epoch 13/50 | lr=0.00000844 | train_loss=0.6931 | train_pref_acc=0.0000 | val_loss=0.6931 | val_pref_acc=0.0000
2026-03-26 14:42:11,641 | INFO | Epoch 14/50 | lr=0.00000821 | train_loss=0.6931 | train_pref_acc=0.0000 | val_loss=0.6931 | val_pref_acc=0.0000
2026-03-26 14:42:12,115 | INFO | Epoch 15/50 | lr=0.00000796 | train_loss=0.6931 | train_pref_acc=0.0000 | val_loss=0.6931 | val_pref_acc=0.0000
2026-03-26 14:42:12,611 | INFO | Epoch 16/50 | lr=0.00000770 | train_loss=0.6931 | train_pref_acc=0.0000 | val_loss=0.6931 | val_pref_acc=0.0000
2026-03-26 14:42:13,078 | INFO | Epoch 17/50 | lr=0.00000743 | train_loss=0.6931 | train_pref_acc=0.0000 | val_loss=0.6931 | val_pref_acc=0.0000
2026-03-26 14:42:13,576 | INFO | Epoch 18/50 | lr=0.00000716 | train_loss=0.6931 | train_pref_acc=0.0000 | val_loss=0.6931 | val_pref_acc=0.0000
2026-03-26 14:42:14,182 | INFO | Epoch 19/50 | lr=0.00000687 | train_loss=0.6931 | train_pref_acc=0.0000 | val_loss=0.6931 | val_pref_acc=0.0000
2026-03-26 14:42:14,675 | INFO | Epoch 20/50 | lr=0.00000658 | train_loss=0.6931 | train_pref_acc=0.0000 | val_loss=0.6931 | val_pref_acc=0.0000
2026-03-26 14:42:15,139 | INFO | Epoch 21/50 | lr=0.00000628 | train_loss=0.6931 | train_pref_acc=0.0000 | val_loss=0.6931 | val_pref_acc=0.0000
2026-03-26 14:42:15,655 | INFO | Epoch 22/50 | lr=0.00000598 | train_loss=0.6931 | train_pref_acc=0.0000 | val_loss=0.6931 | val_pref_acc=0.0000
2026-03-26 14:42:16,129 | INFO | Epoch 23/50 | lr=0.00000567 | train_loss=0.6931 | train_pref_acc=0.0000 | val_loss=0.6931 | val_pref_acc=0.0000
2026-03-26 14:42:16,689 | INFO | Epoch 24/50 | lr=0.00000536 | train_loss=0.6931 | train_pref_acc=0.0000 | val_loss=0.6931 | val_pref_acc=0.0000
2026-03-26 14:42:17,178 | INFO | Epoch 25/50 | lr=0.00000505 | train_loss=0.6931 | train_pref_acc=0.0000 | val_loss=0.6931 | val_pref_acc=0.0000
2026-03-26 14:42:17,638 | INFO | Epoch 26/50 | lr=0.00000474 | train_loss=0.6931 | train_pref_acc=0.0000 | val_loss=0.6931 | val_pref_acc=0.0000
2026-03-26 14:42:18,161 | INFO | Epoch 27/50 | lr=0.00000443 | train_loss=0.6931 | train_pref_acc=0.0000 | val_loss=0.6931 | val_pref_acc=0.0000
2026-03-26 14:42:18,615 | INFO | Epoch 28/50 | lr=0.00000412 | train_loss=0.6931 | train_pref_acc=0.0000 | val_loss=0.6931 | val_pref_acc=0.0000
2026-03-26 14:42:19,172 | INFO | Epoch 29/50 | lr=0.00000382 | train_loss=0.6931 | train_pref_acc=0.0000 | val_loss=0.6931 | val_pref_acc=0.0000
2026-03-26 14:42:19,672 | INFO | Epoch 30/50 | lr=0.00000352 | train_loss=0.6931 | train_pref_acc=0.0000 | val_loss=0.6931 | val_pref_acc=0.0000
2026-03-26 14:42:20,212 | INFO | Epoch 31/50 | lr=0.00000323 | train_loss=0.6931 | train_pref_acc=0.0000 | val_loss=0.6931 | val_pref_acc=0.0000
2026-03-26 14:42:20,679 | INFO | Epoch 32/50 | lr=0.00000294 | train_loss=0.6931 | train_pref_acc=0.0000 | val_loss=0.6931 | val_pref_acc=0.0000
2026-03-26 14:42:21,121 | INFO | Epoch 33/50 | lr=0.00000267 | train_loss=0.6931 | train_pref_acc=0.0000 | val_loss=0.6931 | val_pref_acc=0.0000
2026-03-26 14:42:21,719 | INFO | Epoch 34/50 | lr=0.00000240 | train_loss=0.6931 | train_pref_acc=0.0000 | val_loss=0.6931 | val_pref_acc=0.0000
2026-03-26 14:42:22,196 | INFO | Epoch 35/50 | lr=0.00000214 | train_loss=0.6931 | train_pref_acc=0.0000 | val_loss=0.6931 | val_pref_acc=0.0000
2026-03-26 14:42:22,689 | INFO | Epoch 36/50 | lr=0.00000189 | train_loss=0.6931 | train_pref_acc=0.0000 | val_loss=0.6931 | val_pref_acc=0.0000
2026-03-26 14:42:23,178 | INFO | Epoch 37/50 | lr=0.00000166 | train_loss=0.6931 | train_pref_acc=0.0000 | val_loss=0.6931 | val_pref_acc=0.0000
2026-03-26 14:42:23,659 | INFO | Epoch 38/50 | lr=0.00000144 | train_loss=0.6931 | train_pref_acc=0.0000 | val_loss=0.6931 | val_pref_acc=0.0000
2026-03-26 14:42:24,132 | INFO | Epoch 39/50 | lr=0.00000124 | train_loss=0.6931 | train_pref_acc=0.0000 | val_loss=0.6931 | val_pref_acc=0.0000
2026-03-26 14:42:24,587 | INFO | Epoch 40/50 | lr=0.00000105 | train_loss=0.6931 | train_pref_acc=0.0000 | val_loss=0.6931 | val_pref_acc=0.0000
2026-03-26 14:42:25,157 | INFO | Epoch 41/50 | lr=0.00000087 | train_loss=0.6931 | train_pref_acc=0.0000 | val_loss=0.6931 | val_pref_acc=0.0000
2026-03-26 14:42:25,639 | INFO | Epoch 42/50 | lr=0.00000071 | train_loss=0.6931 | train_pref_acc=0.0000 | val_loss=0.6931 | val_pref_acc=0.0000
2026-03-26 14:42:26,112 | INFO | Epoch 43/50 | lr=0.00000057 | train_loss=0.6931 | train_pref_acc=0.0000 | val_loss=0.6931 | val_pref_acc=0.0000
2026-03-26 14:42:26,586 | INFO | Epoch 44/50 | lr=0.00000045 | train_loss=0.6931 | train_pref_acc=0.0000 | val_loss=0.6931 | val_pref_acc=0.0000
2026-03-26 14:42:27,025 | INFO | Epoch 45/50 | lr=0.00000034 | train_loss=0.6931 | train_pref_acc=0.0000 | val_loss=0.6931 | val_pref_acc=0.0000
2026-03-26 14:42:27,477 | INFO | Epoch 46/50 | lr=0.00000026 | train_loss=0.6931 | train_pref_acc=0.0000 | val_loss=0.6931 | val_pref_acc=0.0000
2026-03-26 14:42:27,986 | INFO | Epoch 47/50 | lr=0.00000019 | train_loss=0.6931 | train_pref_acc=0.0000 | val_loss=0.6931 | val_pref_acc=0.0000
2026-03-26 14:42:28,494 | INFO | Epoch 48/50 | lr=0.00000014 | train_loss=0.6931 | train_pref_acc=0.0000 | val_loss=0.6931 | val_pref_acc=0.0000
2026-03-26 14:42:29,129 | INFO | Epoch 49/50 | lr=0.00000011 | train_loss=0.6931 | train_pref_acc=0.0000 | val_loss=0.6931 | val_pref_acc=0.0000
2026-03-26 14:42:29,611 | INFO | Epoch 50/50 | lr=0.00000010 | train_loss=0.6931 | train_pref_acc=0.0000 | val_loss=0.6931 | val_pref_acc=0.0000
2026-03-26 14:42:29,619 | INFO | Training finished. Best validation preference accuracy: 0.0000
