2026-04-02 22:40:17,467 | INFO | Run directory: dpo/Baritone/runs/2026-04-02_22-40-17
2026-04-02 22:40:17,468 | INFO | Resolved config: {'data_dir': '/home/zx/Valentin_workplace/DPO_data/Baritone/train', 'sft_checkpoint': '/home/zx/codexProject/vocal_analysis/sft/best_models/Baritone/2026-04-02_22-10-57/best_model.pth', 'reference_checkpoint': '/home/zx/codexProject/vocal_analysis/sft/best_models/Baritone/2026-04-02_22-10-57/best_model.pth', 'policy_model_dir': '/home/zx/codexProject/vocal_analysis/policy_model/Baritone/', 'output_dir': 'dpo/Baritone/runs', 'train_batch_size': 16, 'val_batch_size': 16, 'num_workers': 0, 'num_epochs': 50, 'learning_rate': 1e-05, 'weight_decay': 0.0001, 'beta': 0.1, 'seed': 1314, 'device': 'cpu', 'early_stopping_enabled': True, 'early_stopping_patience': 10, 'early_stopping_min_delta': 0.0001, 'split_ratio': 0.8, 'num_classes': 50, 'input_size': 1, 'embd_dim': 2560, 'growth_rate': 64, 'bn_size': 4, 'init_channels': 128, 'config_str': 'batchnorm-relu'}
2026-04-02 22:40:17,468 | INFO | Policy model init checkpoint: /home/zx/codexProject/vocal_analysis/sft/best_models/Baritone/2026-04-02_22-10-57/best_model.pth (fallback from sft_checkpoint)
2026-04-02 22:40:17,468 | INFO | Found 136 aligned preference samples.
2026-04-02 22:40:17,468 | INFO | Missing sample counts | MFCC: 1 | Chosen: 1 | Rejected: 0
2026-04-02 22:40:17,468 | INFO | Prepared 108 train samples.
2026-04-02 22:40:17,468 | INFO | Found 136 aligned preference samples.
2026-04-02 22:40:17,468 | INFO | Missing sample counts | MFCC: 1 | Chosen: 1 | Rejected: 0
2026-04-02 22:40:17,468 | INFO | Prepared 28 val samples.
2026-04-02 22:40:24,437 | INFO | Epoch 1/50 | lr=0.00000999 | train_loss=0.4793 | train_pref_acc=0.7530 | val_loss=0.4702 | val_pref_acc=0.7188
2026-04-02 22:40:24,448 | INFO | Saved new best model with validation preference accuracy 0.7188
2026-04-02 22:40:31,014 | INFO | Epoch 2/50 | lr=0.00000996 | train_loss=0.3041 | train_pref_acc=0.8810 | val_loss=0.3849 | val_pref_acc=0.7188
2026-04-02 22:40:31,021 | INFO | No validation preference accuracy improvement for 1 epoch(s). patience=10, min_delta=0.000100
2026-04-02 22:40:37,275 | INFO | Epoch 3/50 | lr=0.00000991 | train_loss=0.2542 | train_pref_acc=0.9137 | val_loss=0.3562 | val_pref_acc=0.7188
2026-04-02 22:40:37,286 | INFO | No validation preference accuracy improvement for 2 epoch(s). patience=10, min_delta=0.000100
2026-04-02 22:40:43,542 | INFO | Epoch 4/50 | lr=0.00000984 | train_loss=0.2173 | train_pref_acc=0.9077 | val_loss=0.3449 | val_pref_acc=0.7188
2026-04-02 22:40:43,552 | INFO | No validation preference accuracy improvement for 3 epoch(s). patience=10, min_delta=0.000100
2026-04-02 22:40:49,943 | INFO | Epoch 5/50 | lr=0.00000976 | train_loss=0.1943 | train_pref_acc=0.9107 | val_loss=0.3364 | val_pref_acc=0.7188
2026-04-02 22:40:49,956 | INFO | No validation preference accuracy improvement for 4 epoch(s). patience=10, min_delta=0.000100
2026-04-02 22:40:56,319 | INFO | Epoch 6/50 | lr=0.00000965 | train_loss=0.1871 | train_pref_acc=0.9167 | val_loss=0.3337 | val_pref_acc=0.7188
2026-04-02 22:40:56,332 | INFO | No validation preference accuracy improvement for 5 epoch(s). patience=10, min_delta=0.000100
2026-04-02 22:41:02,746 | INFO | Epoch 7/50 | lr=0.00000953 | train_loss=0.1754 | train_pref_acc=0.9196 | val_loss=0.3287 | val_pref_acc=0.7500
2026-04-02 22:41:02,762 | INFO | Saved new best model with validation preference accuracy 0.7500
2026-04-02 22:41:09,235 | INFO | Epoch 8/50 | lr=0.00000939 | train_loss=0.1730 | train_pref_acc=0.9167 | val_loss=0.3275 | val_pref_acc=0.7500
2026-04-02 22:41:09,246 | INFO | No validation preference accuracy improvement for 1 epoch(s). patience=10, min_delta=0.000100
2026-04-02 22:41:15,457 | INFO | Epoch 9/50 | lr=0.00000923 | train_loss=0.1683 | train_pref_acc=0.9196 | val_loss=0.3251 | val_pref_acc=0.7500
2026-04-02 22:41:15,464 | INFO | No validation preference accuracy improvement for 2 epoch(s). patience=10, min_delta=0.000100
2026-04-02 22:41:21,796 | INFO | Epoch 10/50 | lr=0.00000905 | train_loss=0.1705 | train_pref_acc=0.9256 | val_loss=0.3217 | val_pref_acc=0.7812
2026-04-02 22:41:21,817 | INFO | Saved new best model with validation preference accuracy 0.7812
2026-04-02 22:41:28,244 | INFO | Epoch 11/50 | lr=0.00000886 | train_loss=0.1652 | train_pref_acc=0.9286 | val_loss=0.3192 | val_pref_acc=0.7812
2026-04-02 22:41:28,256 | INFO | No validation preference accuracy improvement for 1 epoch(s). patience=10, min_delta=0.000100
2026-04-02 22:41:34,494 | INFO | Epoch 12/50 | lr=0.00000866 | train_loss=0.1589 | train_pref_acc=0.9196 | val_loss=0.3181 | val_pref_acc=0.7812
2026-04-02 22:41:34,506 | INFO | No validation preference accuracy improvement for 2 epoch(s). patience=10, min_delta=0.000100
2026-04-02 22:41:40,924 | INFO | Epoch 13/50 | lr=0.00000844 | train_loss=0.1609 | train_pref_acc=0.9286 | val_loss=0.3159 | val_pref_acc=0.7812
2026-04-02 22:41:40,936 | INFO | No validation preference accuracy improvement for 3 epoch(s). patience=10, min_delta=0.000100
2026-04-02 22:41:47,222 | INFO | Epoch 14/50 | lr=0.00000821 | train_loss=0.1562 | train_pref_acc=0.9286 | val_loss=0.3153 | val_pref_acc=0.7812
2026-04-02 22:41:47,231 | INFO | No validation preference accuracy improvement for 4 epoch(s). patience=10, min_delta=0.000100
2026-04-02 22:41:53,492 | INFO | Epoch 15/50 | lr=0.00000796 | train_loss=0.1545 | train_pref_acc=0.9256 | val_loss=0.3156 | val_pref_acc=0.7812
2026-04-02 22:41:53,504 | INFO | No validation preference accuracy improvement for 5 epoch(s). patience=10, min_delta=0.000100
2026-04-02 22:41:59,985 | INFO | Epoch 16/50 | lr=0.00000770 | train_loss=0.1623 | train_pref_acc=0.9345 | val_loss=0.3165 | val_pref_acc=0.7812
2026-04-02 22:41:59,993 | INFO | No validation preference accuracy improvement for 6 epoch(s). patience=10, min_delta=0.000100
2026-04-02 22:42:06,270 | INFO | Epoch 17/50 | lr=0.00000743 | train_loss=0.1627 | train_pref_acc=0.9167 | val_loss=0.3151 | val_pref_acc=0.7812
2026-04-02 22:42:06,282 | INFO | No validation preference accuracy improvement for 7 epoch(s). patience=10, min_delta=0.000100
2026-04-02 22:42:12,653 | INFO | Epoch 18/50 | lr=0.00000716 | train_loss=0.1502 | train_pref_acc=0.9256 | val_loss=0.3159 | val_pref_acc=0.7812
2026-04-02 22:42:12,661 | INFO | No validation preference accuracy improvement for 8 epoch(s). patience=10, min_delta=0.000100
2026-04-02 22:42:19,024 | INFO | Epoch 19/50 | lr=0.00000687 | train_loss=0.1513 | train_pref_acc=0.9375 | val_loss=0.3158 | val_pref_acc=0.7812
2026-04-02 22:42:19,037 | INFO | No validation preference accuracy improvement for 9 epoch(s). patience=10, min_delta=0.000100
2026-04-02 22:42:25,399 | INFO | Epoch 20/50 | lr=0.00000658 | train_loss=0.1526 | train_pref_acc=0.9226 | val_loss=0.3124 | val_pref_acc=0.7812
2026-04-02 22:42:25,407 | INFO | No validation preference accuracy improvement for 10 epoch(s). patience=10, min_delta=0.000100
2026-04-02 22:42:25,407 | INFO | Early stopping triggered at epoch 20. Best validation preference accuracy: 0.7812
2026-04-02 22:42:25,412 | INFO | Saved persistent policy model to /home/zx/codexProject/vocal_analysis/policy_model/Baritone/policy_model.pth
2026-04-02 22:42:25,412 | INFO | Training finished. Best validation preference accuracy: 0.7812
